<?xml version="1.0" encoding="UTF-8"?>
<!-- Generated by org.testng.reporters.JUnitXMLReporter -->
<testsuite hostname="Dell-New" ignored="0" name="CrossBrowser" tests="4" failures="0" timestamp="2020-04-22T17:47:45 IST" time="23.021" errors="0">
  <testcase name="InitiateBrowser" time="8.094" classname="Test.Parametrization"/>
  <testcase name="OpenAUT" time="4.338" classname="Test.Parametrization"/>
  <testcase name="Login" time="7.064" classname="Test.Parametrization"/>
  <testcase name="Logout" time="3.373" classname="Test.Parametrization"/>
</testsuite> <!-- CrossBrowser -->
