<?xml version="1.0" encoding="UTF-8"?>
<!-- Generated by org.testng.reporters.JUnitXMLReporter -->
<testsuite hostname="Dell-New" ignored="0" name="CrossBrowser2" tests="5" failures="0" timestamp="2020-04-22T17:58:45 IST" time="30.046" errors="0">
  <testcase name="InitiateBrowser" time="9.162" classname="Test.Parametrization"/>
  <testcase name="OpenAUT" time="4.549" classname="Test.Parametrization"/>
  <testcase name="Login" time="6.158" classname="Test.Parametrization"/>
  <testcase name="Logout" time="3.605" classname="Test.Parametrization"/>
  <testcase name="QuitTestCase" time="6.543" classname="Test.Parametrization"/>
</testsuite> <!-- CrossBrowser2 -->
