<?xml version="1.0" encoding="UTF-8"?>
<!-- Generated by org.testng.reporters.JUnitXMLReporter -->
<testsuite hostname="Dell-New" ignored="0" name="CrossBrowser1" tests="5" failures="0" timestamp="2020-04-22T17:58:15 IST" time="25.336" errors="0">
  <testcase name="InitiateBrowser" time="8.036" classname="Test.Parametrization"/>
  <testcase name="OpenAUT" time="3.452" classname="Test.Parametrization"/>
  <testcase name="Login" time="6.39" classname="Test.Parametrization"/>
  <testcase name="Logout" time="3.394" classname="Test.Parametrization"/>
  <testcase name="QuitTestCase" time="3.892" classname="Test.Parametrization"/>
</testsuite> <!-- CrossBrowser1 -->
